1691144638802	geckodriver	INFO	Listening on 127.0.0.1:38007
1691144638806	mozrunner::runner	INFO	Running command: "/usr/bin/firefox" "--marionette" "--remote-debugging-port" "49057" "--remote-allow-hosts" "localhost" "-no-remote" "-profile" "/tmp/rust_mozprofile4D0pVV"
console.warn: services.settings: Ignoring preference override of remote settings server
console.warn: services.settings: Allow by setting MOZ_REMOTE_SETTINGS_DEVTOOLS=1 in the environment
ATTENTION: default value of option mesa_glthread overridden by environment.
ATTENTION: default value of option mesa_glthread overridden by environment.
ATTENTION: default value of option mesa_glthread overridden by environment.
1691144639479	Marionette	INFO	Marionette enabled
1691144639556	Marionette	INFO	Listening on port 45079
WebDriver BiDi listening on ws://127.0.0.1:49057
Read port: 45079
1691144639766	RemoteAgent	WARN	TLS certificate errors will be ignored for this session
console.error: ({})
DevTools listening on ws://127.0.0.1:49057/devtools/browser/787e1af3-5103-40fc-a248-01d8fb130327
console.warn: LoginRecipes: "Falling back to a synchronous message for: https://si3.ufc.br."
console.warn: LoginRecipes: "Falling back to a synchronous message for: https://si3.ufc.br."
1691144645576	Marionette	INFO	Stopped listening on port 45079
1691165180870	geckodriver	INFO	Listening on 127.0.0.1:34931
1691165180873	mozrunner::runner	INFO	Running command: "/usr/bin/firefox" "--marionette" "--remote-debugging-port" "45087" "--remote-allow-hosts" "localhost" "-no-remote" "-profile" "/tmp/rust_mozprofileSBeLNC"
console.warn: services.settings: Ignoring preference override of remote settings server
console.warn: services.settings: Allow by setting MOZ_REMOTE_SETTINGS_DEVTOOLS=1 in the environment
ATTENTION: default value of option mesa_glthread overridden by environment.
ATTENTION: default value of option mesa_glthread overridden by environment.
ATTENTION: default value of option mesa_glthread overridden by environment.
1691165181548	Marionette	INFO	Marionette enabled
1691165181622	Marionette	INFO	Listening on port 46105
WebDriver BiDi listening on ws://127.0.0.1:45087
Read port: 46105
1691165181822	RemoteAgent	WARN	TLS certificate errors will be ignored for this session
console.error: ({})
DevTools listening on ws://127.0.0.1:45087/devtools/browser/d6a1e57e-bef0-4433-874c-2f8a43d6498f
console.warn: LoginRecipes: "Falling back to a synchronous message for: https://si3.ufc.br."
console.warn: LoginRecipes: "Falling back to a synchronous message for: https://si3.ufc.br."
1691165187897	Marionette	INFO	Stopped listening on port 46105
